<?xml version="1.0" encoding="UTF-8"?>
<testng-results skipped="0" failed="0" ignored="0" total="1" passed="1">
  <reporter-output>
  </reporter-output>
  <suite name="Default suite" duration-ms="15145" started-at="2018-03-20T10:11:32Z" finished-at="2018-03-20T10:11:48Z">
    <groups>
    </groups>
    <test name="Default test" duration-ms="15145" started-at="2018-03-20T10:11:32Z" finished-at="2018-03-20T10:11:48Z">
      <class name="TestNG1.LegalTest">
        <test-method status="PASS" signature="Login()[pri:0, instance:TestNG1.LegalTest@7c16905e]" name="Login" duration-ms="15090" started-at="2018-03-20T10:11:32Z" finished-at="2018-03-20T10:11:47Z">
          <reporter-output>
          </reporter-output>
        </test-method> <!-- Login -->
      </class> <!-- TestNG1.LegalTest -->
    </test> <!-- Default test -->
  </suite> <!-- Default suite -->
</testng-results>
