<?xml version="1.0" encoding="UTF-8"?>
<!-- Generated by org.testng.reporters.JUnitXMLReporter -->
<testsuite hostname="rc-106" name="Default test" tests="3" failures="0" timestamp="7 May 2018 09:23:59 GMT" time="25.287" errors="0">
  <testcase name="loginPageTitleTest" time="0.032" classname="com.legalmetrology.TestCases.LoginPageTest"/>
  <testcase name="logoImageTest" time="0.102" classname="com.legalmetrology.TestCases.LoginPageTest"/>
  <testcase name="loginSuccessTest" time="4.385" classname="com.legalmetrology.TestCases.LoginPageTest"/>
</testsuite> <!-- Default test -->
